-------------------------------------------------------------------------------
Test set: com.mycompany.pcs_grupo_jaj.Trabajos_AltaTest
-------------------------------------------------------------------------------
Tests run: 2, Failures: 0, Errors: 1, Skipped: 0, Time elapsed: 0.031 sec <<< FAILURE!
testAltaTrabajo(com.mycompany.pcs_grupo_jaj.Trabajos_AltaTest)  Time elapsed: 0.013 sec  <<< ERROR!
java.util.ConcurrentModificationException
	at java.base/java.util.HashMap$HashIterator.nextNode(HashMap.java:1584)
	at java.base/java.util.HashMap$KeyIterator.next(HashMap.java:1607)
	at java.desktop/javax.swing.plaf.nimbus.NimbusStyle.validate(NimbusStyle.java:361)
	at java.desktop/javax.swing.plaf.nimbus.NimbusStyle.getValues(NimbusStyle.java:820)
	at java.desktop/javax.swing.plaf.nimbus.NimbusStyle.getInsets(NimbusStyle.java:493)
	at java.desktop/javax.swing.plaf.synth.SynthStyle.installDefaults(SynthStyle.java:915)
	at java.desktop/javax.swing.plaf.synth.SynthLookAndFeel.updateStyle(SynthLookAndFeel.java:270)
	at java.desktop/javax.swing.plaf.synth.SynthLabelUI.updateStyle(SynthLabelUI.java:69)
	at java.desktop/javax.swing.plaf.synth.SynthLabelUI.installDefaults(SynthLabelUI.java:64)
	at java.desktop/javax.swing.plaf.basic.BasicLabelUI.installUI(BasicLabelUI.java:343)
	at java.desktop/javax.swing.JComponent.setUI(JComponent.java:685)
	at java.desktop/javax.swing.JLabel.setUI(JLabel.java:256)
	at java.desktop/javax.swing.JLabel.updateUI(JLabel.java:270)
	at java.desktop/javax.swing.JLabel.<init>(JLabel.java:162)
	at java.desktop/javax.swing.JLabel.<init>(JLabel.java:233)
	at com.mycompany.pcs_grupo_jaj.Trabajos_Alta.initComponents(Trabajos_Alta.java:38)
	at com.mycompany.pcs_grupo_jaj.Trabajos_Alta.<init>(Trabajos_Alta.java:26)
	at com.mycompany.pcs_grupo_jaj.Trabajos_AltaTest.testAltaTrabajo(Trabajos_AltaTest.java:62)
	at java.base/jdk.internal.reflect.NativeMethodAccessorImpl.invoke0(Native Method)
	at java.base/jdk.internal.reflect.NativeMethodAccessorImpl.invoke(NativeMethodAccessorImpl.java:62)
	at java.base/jdk.internal.reflect.DelegatingMethodAccessorImpl.invoke(DelegatingMethodAccessorImpl.java:43)
	at java.base/java.lang.reflect.Method.invoke(Method.java:564)
	at org.junit.runners.model.FrameworkMethod$1.runReflectiveCall(FrameworkMethod.java:50)
	at org.junit.internal.runners.model.ReflectiveCallable.run(ReflectiveCallable.java:12)
	at org.junit.runners.model.FrameworkMethod.invokeExplosively(FrameworkMethod.java:47)
	at org.junit.internal.runners.statements.InvokeMethod.evaluate(InvokeMethod.java:17)
	at org.junit.internal.runners.statements.RunBefores.evaluate(RunBefores.java:26)
	at org.junit.internal.runners.statements.RunAfters.evaluate(RunAfters.java:27)
	at org.junit.runners.ParentRunner.runLeaf(ParentRunner.java:325)
	at org.junit.runners.BlockJUnit4ClassRunner.runChild(BlockJUnit4ClassRunner.java:78)
	at org.junit.runners.BlockJUnit4ClassRunner.runChild(BlockJUnit4ClassRunner.java:57)
	at org.junit.runners.ParentRunner$3.run(ParentRunner.java:290)
	at org.junit.runners.ParentRunner$1.schedule(ParentRunner.java:71)
	at org.junit.runners.ParentRunner.runChildren(ParentRunner.java:288)
	at org.junit.runners.ParentRunner.access$000(ParentRunner.java:58)
	at org.junit.runners.ParentRunner$2.evaluate(ParentRunner.java:268)
	at org.junit.internal.runners.statements.RunBefores.evaluate(RunBefores.java:26)
	at org.junit.internal.runners.statements.RunAfters.evaluate(RunAfters.java:27)
	at org.junit.runners.ParentRunner.run(ParentRunner.java:363)
	at org.apache.maven.surefire.junit4.JUnit4Provider.execute(JUnit4Provider.java:252)
	at org.apache.maven.surefire.junit4.JUnit4Provider.executeTestSet(JUnit4Provider.java:141)
	at org.apache.maven.surefire.junit4.JUnit4Provider.invoke(JUnit4Provider.java:112)
	at java.base/jdk.internal.reflect.NativeMethodAccessorImpl.invoke0(Native Method)
	at java.base/jdk.internal.reflect.NativeMethodAccessorImpl.invoke(NativeMethodAccessorImpl.java:62)
	at java.base/jdk.internal.reflect.DelegatingMethodAccessorImpl.invoke(DelegatingMethodAccessorImpl.java:43)
	at java.base/java.lang.reflect.Method.invoke(Method.java:564)
	at org.apache.maven.surefire.util.ReflectionUtils.invokeMethodWithArray(ReflectionUtils.java:189)
	at org.apache.maven.surefire.booter.ProviderFactory$ProviderProxy.invoke(ProviderFactory.java:165)
	at org.apache.maven.surefire.booter.ProviderFactory.invokeProvider(ProviderFactory.java:85)
	at org.apache.maven.surefire.booter.ForkedBooter.runSuitesInProcess(ForkedBooter.java:115)
	at org.apache.maven.surefire.booter.ForkedBooter.main(ForkedBooter.java:75)

